[2024-08-27 12:01:44] local.ERROR: SQLSTATE[HY000] [1045] Access denied for user 'root'@'localhost' (using password: YES) (Connection: mysql, SQL: select table_name as `name`, (data_length + index_length) as `size`, table_comment as `comment`, engine as `engine`, table_collation as `collation` from information_schema.tables where table_schema = 'shfl' and table_type = 'BASE TABLE' order by table_name) {"exception":"[object] (Illuminate\\Database\\QueryException(code: 1045): SQLSTATE[HY000] [1045] Access denied for user 'root'@'localhost' (using password: YES) (Connection: mysql, SQL: select table_name as `name`, (data_length + index_length) as `size`, table_comment as `comment`, engine as `engine`, table_collation as `collation` from information_schema.tables where table_schema = 'shfl' and table_type = 'BASE TABLE' order by table_name) at /var/www/html/shfl-be/vendor/illuminate/database/Connection.php:822)
[stacktrace]
#0 /var/www/html/shfl-be/vendor/illuminate/database/Connection.php(776): Illuminate\\Database\\Connection->runQueryCallback()
#1 /var/www/html/shfl-be/vendor/illuminate/database/Connection.php(407): Illuminate\\Database\\Connection->run()
#2 /var/www/html/shfl-be/vendor/illuminate/database/Connection.php(394): Illuminate\\Database\\Connection->select()
#3 /var/www/html/shfl-be/vendor/illuminate/database/Schema/MySqlBuilder.php(41): Illuminate\\Database\\Connection->selectFromWriteConnection()
#4 /var/www/html/shfl-be/vendor/illuminate/database/Schema/Builder.php(162): Illuminate\\Database\\Schema\\MySqlBuilder->getTables()
#5 /var/www/html/shfl-be/vendor/illuminate/database/Migrations/DatabaseMigrationRepository.php(184): Illuminate\\Database\\Schema\\Builder->hasTable()
#6 /var/www/html/shfl-be/vendor/illuminate/database/Migrations/Migrator.php(700): Illuminate\\Database\\Migrations\\DatabaseMigrationRepository->repositoryExists()
#7 /var/www/html/shfl-be/vendor/illuminate/database/Console/Migrations/MigrateCommand.php(140): Illuminate\\Database\\Migrations\\Migrator->repositoryExists()
#8 /var/www/html/shfl-be/vendor/illuminate/support/helpers.php(248): Illuminate\\Database\\Console\\Migrations\\MigrateCommand->Illuminate\\Database\\Console\\Migrations\\{closure}()
#9 /var/www/html/shfl-be/vendor/illuminate/database/Console/Migrations/MigrateCommand.php(140): retry()
#10 /var/www/html/shfl-be/vendor/illuminate/database/Console/Migrations/MigrateCommand.php(116): Illuminate\\Database\\Console\\Migrations\\MigrateCommand->repositoryExists()
#11 /var/www/html/shfl-be/vendor/illuminate/database/Console/Migrations/MigrateCommand.php(84): Illuminate\\Database\\Console\\Migrations\\MigrateCommand->prepareDatabase()
#12 /var/www/html/shfl-be/vendor/illuminate/database/Migrations/Migrator.php(633): Illuminate\\Database\\Console\\Migrations\\MigrateCommand->Illuminate\\Database\\Console\\Migrations\\{closure}()
#13 /var/www/html/shfl-be/vendor/illuminate/database/Console/Migrations/MigrateCommand.php(83): Illuminate\\Database\\Migrations\\Migrator->usingConnection()
#14 /var/www/html/shfl-be/vendor/illuminate/container/BoundMethod.php(36): Illuminate\\Database\\Console\\Migrations\\MigrateCommand->handle()
#15 /var/www/html/shfl-be/vendor/illuminate/container/Util.php(41): Illuminate\\Container\\BoundMethod::Illuminate\\Container\\{closure}()
#16 /var/www/html/shfl-be/vendor/illuminate/container/BoundMethod.php(93): Illuminate\\Container\\Util::unwrapIfClosure()
#17 /var/www/html/shfl-be/vendor/illuminate/container/BoundMethod.php(35): Illuminate\\Container\\BoundMethod::callBoundMethod()
#18 /var/www/html/shfl-be/vendor/illuminate/container/Container.php(662): Illuminate\\Container\\BoundMethod::call()
#19 /var/www/html/shfl-be/vendor/illuminate/console/Command.php(211): Illuminate\\Container\\Container->call()
#20 /var/www/html/shfl-be/vendor/symfony/console/Command/Command.php(326): Illuminate\\Console\\Command->execute()
#21 /var/www/html/shfl-be/vendor/illuminate/console/Command.php(180): Symfony\\Component\\Console\\Command\\Command->run()
#22 /var/www/html/shfl-be/vendor/symfony/console/Application.php(1078): Illuminate\\Console\\Command->run()
#23 /var/www/html/shfl-be/vendor/symfony/console/Application.php(324): Symfony\\Component\\Console\\Application->doRunCommand()
#24 /var/www/html/shfl-be/vendor/symfony/console/Application.php(175): Symfony\\Component\\Console\\Application->doRun()
#25 /var/www/html/shfl-be/vendor/laravel/lumen-framework/src/Console/Kernel.php(160): Symfony\\Component\\Console\\Application->run()
#26 /var/www/html/shfl-be/artisan(35): Laravel\\Lumen\\Console\\Kernel->handle()
#27 {main}

[previous exception] [object] (PDOException(code: 1045): SQLSTATE[HY000] [1045] Access denied for user 'root'@'localhost' (using password: YES) at /var/www/html/shfl-be/vendor/illuminate/database/Connectors/Connector.php:65)
[stacktrace]
#0 /var/www/html/shfl-be/vendor/illuminate/database/Connectors/Connector.php(65): PDO->__construct()
#1 /var/www/html/shfl-be/vendor/illuminate/database/Connectors/Connector.php(44): Illuminate\\Database\\Connectors\\Connector->createPdoConnection()
#2 /var/www/html/shfl-be/vendor/illuminate/database/Connectors/MySqlConnector.php(24): Illuminate\\Database\\Connectors\\Connector->createConnection()
#3 /var/www/html/shfl-be/vendor/illuminate/database/Connectors/ConnectionFactory.php(184): Illuminate\\Database\\Connectors\\MySqlConnector->connect()
#4 [internal function]: Illuminate\\Database\\Connectors\\ConnectionFactory->Illuminate\\Database\\Connectors\\{closure}()
#5 /var/www/html/shfl-be/vendor/illuminate/database/Connection.php(1319): call_user_func()
#6 /var/www/html/shfl-be/vendor/illuminate/database/Connection.php(521): Illuminate\\Database\\Connection->getPdo()
#7 /var/www/html/shfl-be/vendor/illuminate/database/Connection.php(416): Illuminate\\Database\\Connection->getPdoForSelect()
#8 /var/www/html/shfl-be/vendor/illuminate/database/Connection.php(809): Illuminate\\Database\\Connection->Illuminate\\Database\\{closure}()
#9 /var/www/html/shfl-be/vendor/illuminate/database/Connection.php(776): Illuminate\\Database\\Connection->runQueryCallback()
#10 /var/www/html/shfl-be/vendor/illuminate/database/Connection.php(407): Illuminate\\Database\\Connection->run()
#11 /var/www/html/shfl-be/vendor/illuminate/database/Connection.php(394): Illuminate\\Database\\Connection->select()
#12 /var/www/html/shfl-be/vendor/illuminate/database/Schema/MySqlBuilder.php(41): Illuminate\\Database\\Connection->selectFromWriteConnection()
#13 /var/www/html/shfl-be/vendor/illuminate/database/Schema/Builder.php(162): Illuminate\\Database\\Schema\\MySqlBuilder->getTables()
#14 /var/www/html/shfl-be/vendor/illuminate/database/Migrations/DatabaseMigrationRepository.php(184): Illuminate\\Database\\Schema\\Builder->hasTable()
#15 /var/www/html/shfl-be/vendor/illuminate/database/Migrations/Migrator.php(700): Illuminate\\Database\\Migrations\\DatabaseMigrationRepository->repositoryExists()
#16 /var/www/html/shfl-be/vendor/illuminate/database/Console/Migrations/MigrateCommand.php(140): Illuminate\\Database\\Migrations\\Migrator->repositoryExists()
#17 /var/www/html/shfl-be/vendor/illuminate/support/helpers.php(248): Illuminate\\Database\\Console\\Migrations\\MigrateCommand->Illuminate\\Database\\Console\\Migrations\\{closure}()
#18 /var/www/html/shfl-be/vendor/illuminate/database/Console/Migrations/MigrateCommand.php(140): retry()
#19 /var/www/html/shfl-be/vendor/illuminate/database/Console/Migrations/MigrateCommand.php(116): Illuminate\\Database\\Console\\Migrations\\MigrateCommand->repositoryExists()
#20 /var/www/html/shfl-be/vendor/illuminate/database/Console/Migrations/MigrateCommand.php(84): Illuminate\\Database\\Console\\Migrations\\MigrateCommand->prepareDatabase()
#21 /var/www/html/shfl-be/vendor/illuminate/database/Migrations/Migrator.php(633): Illuminate\\Database\\Console\\Migrations\\MigrateCommand->Illuminate\\Database\\Console\\Migrations\\{closure}()
#22 /var/www/html/shfl-be/vendor/illuminate/database/Console/Migrations/MigrateCommand.php(83): Illuminate\\Database\\Migrations\\Migrator->usingConnection()
#23 /var/www/html/shfl-be/vendor/illuminate/container/BoundMethod.php(36): Illuminate\\Database\\Console\\Migrations\\MigrateCommand->handle()
#24 /var/www/html/shfl-be/vendor/illuminate/container/Util.php(41): Illuminate\\Container\\BoundMethod::Illuminate\\Container\\{closure}()
#25 /var/www/html/shfl-be/vendor/illuminate/container/BoundMethod.php(93): Illuminate\\Container\\Util::unwrapIfClosure()
#26 /var/www/html/shfl-be/vendor/illuminate/container/BoundMethod.php(35): Illuminate\\Container\\BoundMethod::callBoundMethod()
#27 /var/www/html/shfl-be/vendor/illuminate/container/Container.php(662): Illuminate\\Container\\BoundMethod::call()
#28 /var/www/html/shfl-be/vendor/illuminate/console/Command.php(211): Illuminate\\Container\\Container->call()
#29 /var/www/html/shfl-be/vendor/symfony/console/Command/Command.php(326): Illuminate\\Console\\Command->execute()
#30 /var/www/html/shfl-be/vendor/illuminate/console/Command.php(180): Symfony\\Component\\Console\\Command\\Command->run()
#31 /var/www/html/shfl-be/vendor/symfony/console/Application.php(1078): Illuminate\\Console\\Command->run()
#32 /var/www/html/shfl-be/vendor/symfony/console/Application.php(324): Symfony\\Component\\Console\\Application->doRunCommand()
#33 /var/www/html/shfl-be/vendor/symfony/console/Application.php(175): Symfony\\Component\\Console\\Application->doRun()
#34 /var/www/html/shfl-be/vendor/laravel/lumen-framework/src/Console/Kernel.php(160): Symfony\\Component\\Console\\Application->run()
#35 /var/www/html/shfl-be/artisan(35): Laravel\\Lumen\\Console\\Kernel->handle()
#36 {main}
"} 
[2024-08-27 12:18:55] local.ERROR: SQLSTATE[42S02]: Base table or view not found: 1146 Table 'shfl.menu_master' doesn't exist (Connection: mysql, SQL: insert into `menu_master` (`name`, `handle`, `slug`, `parent_id`, `is_active`, `is_parent`, `created_at`, `created_by`) values (Menus, menus, /menu-list, 31, 1, 0, 2024-08-27 12:18:55, 1)) {"exception":"[object] (Illuminate\\Database\\QueryException(code: 42S02): SQLSTATE[42S02]: Base table or view not found: 1146 Table 'shfl.menu_master' doesn't exist (Connection: mysql, SQL: insert into `menu_master` (`name`, `handle`, `slug`, `parent_id`, `is_active`, `is_parent`, `created_at`, `created_by`) values (Menus, menus, /menu-list, 31, 1, 0, 2024-08-27 12:18:55, 1)) at /var/www/html/shfl-be/vendor/illuminate/database/Connection.php:822)
[stacktrace]
#0 /var/www/html/shfl-be/vendor/illuminate/database/Connection.php(776): Illuminate\\Database\\Connection->runQueryCallback()
#1 /var/www/html/shfl-be/vendor/illuminate/database/Connection.php(569): Illuminate\\Database\\Connection->run()
#2 /var/www/html/shfl-be/vendor/illuminate/database/Connection.php(533): Illuminate\\Database\\Connection->statement()
#3 /var/www/html/shfl-be/vendor/illuminate/database/Query/Builder.php(3336): Illuminate\\Database\\Connection->insert()
#4 /var/www/html/shfl-be/database/seeders/WebSite/MenuMasterSeeder.php(263): Illuminate\\Database\\Query\\Builder->insert()
#5 /var/www/html/shfl-be/vendor/illuminate/container/BoundMethod.php(36): Database\\Seeders\\WebSite\\MenuMasterSeeder->run()
#6 /var/www/html/shfl-be/vendor/illuminate/container/Util.php(41): Illuminate\\Container\\BoundMethod::Illuminate\\Container\\{closure}()
#7 /var/www/html/shfl-be/vendor/illuminate/container/BoundMethod.php(93): Illuminate\\Container\\Util::unwrapIfClosure()
#8 /var/www/html/shfl-be/vendor/illuminate/container/BoundMethod.php(35): Illuminate\\Container\\BoundMethod::callBoundMethod()
#9 /var/www/html/shfl-be/vendor/illuminate/container/Container.php(662): Illuminate\\Container\\BoundMethod::call()
#10 /var/www/html/shfl-be/vendor/illuminate/database/Seeder.php(184): Illuminate\\Container\\Container->call()
#11 /var/www/html/shfl-be/vendor/illuminate/database/Seeder.php(193): Illuminate\\Database\\Seeder->Illuminate\\Database\\{closure}()
#12 /var/www/html/shfl-be/vendor/illuminate/database/Seeder.php(61): Illuminate\\Database\\Seeder->__invoke()
#13 /var/www/html/shfl-be/database/seeders/DatabaseSeeder.php(17): Illuminate\\Database\\Seeder->call()
#14 /var/www/html/shfl-be/vendor/illuminate/container/BoundMethod.php(36): Database\\Seeders\\DatabaseSeeder->run()
#15 /var/www/html/shfl-be/vendor/illuminate/container/Util.php(41): Illuminate\\Container\\BoundMethod::Illuminate\\Container\\{closure}()
#16 /var/www/html/shfl-be/vendor/illuminate/container/BoundMethod.php(93): Illuminate\\Container\\Util::unwrapIfClosure()
#17 /var/www/html/shfl-be/vendor/illuminate/container/BoundMethod.php(35): Illuminate\\Container\\BoundMethod::callBoundMethod()
#18 /var/www/html/shfl-be/vendor/illuminate/container/Container.php(662): Illuminate\\Container\\BoundMethod::call()
#19 /var/www/html/shfl-be/vendor/illuminate/database/Seeder.php(184): Illuminate\\Container\\Container->call()
#20 /var/www/html/shfl-be/vendor/illuminate/database/Seeder.php(193): Illuminate\\Database\\Seeder->Illuminate\\Database\\{closure}()
#21 /var/www/html/shfl-be/vendor/illuminate/database/Console/Seeds/SeedCommand.php(70): Illuminate\\Database\\Seeder->__invoke()
#22 /var/www/html/shfl-be/vendor/illuminate/database/Eloquent/Concerns/GuardsAttributes.php(155): Illuminate\\Database\\Console\\Seeds\\SeedCommand->Illuminate\\Database\\Console\\Seeds\\{closure}()
#23 /var/www/html/shfl-be/vendor/illuminate/database/Console/Seeds/SeedCommand.php(69): Illuminate\\Database\\Eloquent\\Model::unguarded()
#24 /var/www/html/shfl-be/vendor/illuminate/container/BoundMethod.php(36): Illuminate\\Database\\Console\\Seeds\\SeedCommand->handle()
#25 /var/www/html/shfl-be/vendor/illuminate/container/Util.php(41): Illuminate\\Container\\BoundMethod::Illuminate\\Container\\{closure}()
#26 /var/www/html/shfl-be/vendor/illuminate/container/BoundMethod.php(93): Illuminate\\Container\\Util::unwrapIfClosure()
#27 /var/www/html/shfl-be/vendor/illuminate/container/BoundMethod.php(35): Illuminate\\Container\\BoundMethod::callBoundMethod()
#28 /var/www/html/shfl-be/vendor/illuminate/container/Container.php(662): Illuminate\\Container\\BoundMethod::call()
#29 /var/www/html/shfl-be/vendor/illuminate/console/Command.php(211): Illuminate\\Container\\Container->call()
#30 /var/www/html/shfl-be/vendor/symfony/console/Command/Command.php(326): Illuminate\\Console\\Command->execute()
#31 /var/www/html/shfl-be/vendor/illuminate/console/Command.php(180): Symfony\\Component\\Console\\Command\\Command->run()
#32 /var/www/html/shfl-be/vendor/symfony/console/Application.php(1078): Illuminate\\Console\\Command->run()
#33 /var/www/html/shfl-be/vendor/symfony/console/Application.php(324): Symfony\\Component\\Console\\Application->doRunCommand()
#34 /var/www/html/shfl-be/vendor/symfony/console/Application.php(175): Symfony\\Component\\Console\\Application->doRun()
#35 /var/www/html/shfl-be/vendor/laravel/lumen-framework/src/Console/Kernel.php(160): Symfony\\Component\\Console\\Application->run()
#36 /var/www/html/shfl-be/artisan(35): Laravel\\Lumen\\Console\\Kernel->handle()
#37 {main}

[previous exception] [object] (PDOException(code: 42S02): SQLSTATE[42S02]: Base table or view not found: 1146 Table 'shfl.menu_master' doesn't exist at /var/www/html/shfl-be/vendor/illuminate/database/Connection.php:574)
[stacktrace]
#0 /var/www/html/shfl-be/vendor/illuminate/database/Connection.php(574): PDO->prepare()
#1 /var/www/html/shfl-be/vendor/illuminate/database/Connection.php(809): Illuminate\\Database\\Connection->Illuminate\\Database\\{closure}()
#2 /var/www/html/shfl-be/vendor/illuminate/database/Connection.php(776): Illuminate\\Database\\Connection->runQueryCallback()
#3 /var/www/html/shfl-be/vendor/illuminate/database/Connection.php(569): Illuminate\\Database\\Connection->run()
#4 /var/www/html/shfl-be/vendor/illuminate/database/Connection.php(533): Illuminate\\Database\\Connection->statement()
#5 /var/www/html/shfl-be/vendor/illuminate/database/Query/Builder.php(3336): Illuminate\\Database\\Connection->insert()
#6 /var/www/html/shfl-be/database/seeders/WebSite/MenuMasterSeeder.php(263): Illuminate\\Database\\Query\\Builder->insert()
#7 /var/www/html/shfl-be/vendor/illuminate/container/BoundMethod.php(36): Database\\Seeders\\WebSite\\MenuMasterSeeder->run()
#8 /var/www/html/shfl-be/vendor/illuminate/container/Util.php(41): Illuminate\\Container\\BoundMethod::Illuminate\\Container\\{closure}()
#9 /var/www/html/shfl-be/vendor/illuminate/container/BoundMethod.php(93): Illuminate\\Container\\Util::unwrapIfClosure()
#10 /var/www/html/shfl-be/vendor/illuminate/container/BoundMethod.php(35): Illuminate\\Container\\BoundMethod::callBoundMethod()
#11 /var/www/html/shfl-be/vendor/illuminate/container/Container.php(662): Illuminate\\Container\\BoundMethod::call()
#12 /var/www/html/shfl-be/vendor/illuminate/database/Seeder.php(184): Illuminate\\Container\\Container->call()
#13 /var/www/html/shfl-be/vendor/illuminate/database/Seeder.php(193): Illuminate\\Database\\Seeder->Illuminate\\Database\\{closure}()
#14 /var/www/html/shfl-be/vendor/illuminate/database/Seeder.php(61): Illuminate\\Database\\Seeder->__invoke()
#15 /var/www/html/shfl-be/database/seeders/DatabaseSeeder.php(17): Illuminate\\Database\\Seeder->call()
#16 /var/www/html/shfl-be/vendor/illuminate/container/BoundMethod.php(36): Database\\Seeders\\DatabaseSeeder->run()
#17 /var/www/html/shfl-be/vendor/illuminate/container/Util.php(41): Illuminate\\Container\\BoundMethod::Illuminate\\Container\\{closure}()
#18 /var/www/html/shfl-be/vendor/illuminate/container/BoundMethod.php(93): Illuminate\\Container\\Util::unwrapIfClosure()
#19 /var/www/html/shfl-be/vendor/illuminate/container/BoundMethod.php(35): Illuminate\\Container\\BoundMethod::callBoundMethod()
#20 /var/www/html/shfl-be/vendor/illuminate/container/Container.php(662): Illuminate\\Container\\BoundMethod::call()
#21 /var/www/html/shfl-be/vendor/illuminate/database/Seeder.php(184): Illuminate\\Container\\Container->call()
#22 /var/www/html/shfl-be/vendor/illuminate/database/Seeder.php(193): Illuminate\\Database\\Seeder->Illuminate\\Database\\{closure}()
#23 /var/www/html/shfl-be/vendor/illuminate/database/Console/Seeds/SeedCommand.php(70): Illuminate\\Database\\Seeder->__invoke()
#24 /var/www/html/shfl-be/vendor/illuminate/database/Eloquent/Concerns/GuardsAttributes.php(155): Illuminate\\Database\\Console\\Seeds\\SeedCommand->Illuminate\\Database\\Console\\Seeds\\{closure}()
#25 /var/www/html/shfl-be/vendor/illuminate/database/Console/Seeds/SeedCommand.php(69): Illuminate\\Database\\Eloquent\\Model::unguarded()
#26 /var/www/html/shfl-be/vendor/illuminate/container/BoundMethod.php(36): Illuminate\\Database\\Console\\Seeds\\SeedCommand->handle()
#27 /var/www/html/shfl-be/vendor/illuminate/container/Util.php(41): Illuminate\\Container\\BoundMethod::Illuminate\\Container\\{closure}()
#28 /var/www/html/shfl-be/vendor/illuminate/container/BoundMethod.php(93): Illuminate\\Container\\Util::unwrapIfClosure()
#29 /var/www/html/shfl-be/vendor/illuminate/container/BoundMethod.php(35): Illuminate\\Container\\BoundMethod::callBoundMethod()
#30 /var/www/html/shfl-be/vendor/illuminate/container/Container.php(662): Illuminate\\Container\\BoundMethod::call()
#31 /var/www/html/shfl-be/vendor/illuminate/console/Command.php(211): Illuminate\\Container\\Container->call()
#32 /var/www/html/shfl-be/vendor/symfony/console/Command/Command.php(326): Illuminate\\Console\\Command->execute()
#33 /var/www/html/shfl-be/vendor/illuminate/console/Command.php(180): Symfony\\Component\\Console\\Command\\Command->run()
#34 /var/www/html/shfl-be/vendor/symfony/console/Application.php(1078): Illuminate\\Console\\Command->run()
#35 /var/www/html/shfl-be/vendor/symfony/console/Application.php(324): Symfony\\Component\\Console\\Application->doRunCommand()
#36 /var/www/html/shfl-be/vendor/symfony/console/Application.php(175): Symfony\\Component\\Console\\Application->doRun()
#37 /var/www/html/shfl-be/vendor/laravel/lumen-framework/src/Console/Kernel.php(160): Symfony\\Component\\Console\\Application->run()
#38 /var/www/html/shfl-be/artisan(35): Laravel\\Lumen\\Console\\Kernel->handle()
#39 {main}
"} 
[2024-08-27 12:20:42] local.ERROR: SQLSTATE[HY000]: General error: 1824 Failed to open the referenced table 'hj_master_pincode' (Connection: mysql, SQL: alter table `hj_lead` add constraint `hj_lead_pincode_id_foreign` foreign key (`pincode_id`) references `hj_master_pincode` (`id`)) {"exception":"[object] (Illuminate\\Database\\QueryException(code: HY000): SQLSTATE[HY000]: General error: 1824 Failed to open the referenced table 'hj_master_pincode' (Connection: mysql, SQL: alter table `hj_lead` add constraint `hj_lead_pincode_id_foreign` foreign key (`pincode_id`) references `hj_master_pincode` (`id`)) at /var/www/html/shfl-be/vendor/illuminate/database/Connection.php:822)
[stacktrace]
#0 /var/www/html/shfl-be/vendor/illuminate/database/Connection.php(776): Illuminate\\Database\\Connection->runQueryCallback()
#1 /var/www/html/shfl-be/vendor/illuminate/database/Connection.php(569): Illuminate\\Database\\Connection->run()
#2 /var/www/html/shfl-be/vendor/illuminate/database/Schema/Blueprint.php(110): Illuminate\\Database\\Connection->statement()
#3 /var/www/html/shfl-be/vendor/illuminate/database/Schema/Builder.php(552): Illuminate\\Database\\Schema\\Blueprint->build()
#4 /var/www/html/shfl-be/vendor/illuminate/database/Schema/Builder.php(406): Illuminate\\Database\\Schema\\Builder->build()
#5 /var/www/html/shfl-be/vendor/illuminate/support/Facades/Facade.php(355): Illuminate\\Database\\Schema\\Builder->create()
#6 /var/www/html/shfl-be/database/migrations/housing-journey/2023_01_01_111205_create_hj_lead_table.php(16): Illuminate\\Support\\Facades\\Facade::__callStatic()
#7 /var/www/html/shfl-be/vendor/illuminate/database/Migrations/Migrator.php(493): Illuminate\\Database\\Migrations\\Migration@anonymous->up()
#8 /var/www/html/shfl-be/vendor/illuminate/database/Migrations/Migrator.php(410): Illuminate\\Database\\Migrations\\Migrator->runMethod()
#9 /var/www/html/shfl-be/vendor/illuminate/database/Migrations/Migrator.php(419): Illuminate\\Database\\Migrations\\Migrator->Illuminate\\Database\\Migrations\\{closure}()
#10 /var/www/html/shfl-be/vendor/illuminate/database/Migrations/Migrator.php(216): Illuminate\\Database\\Migrations\\Migrator->runMigration()
#11 /var/www/html/shfl-be/vendor/illuminate/console/View/Components/Task.php(37): Illuminate\\Database\\Migrations\\Migrator->Illuminate\\Database\\Migrations\\{closure}()
#12 /var/www/html/shfl-be/vendor/illuminate/database/Migrations/Migrator.php(756): Illuminate\\Console\\View\\Components\\Task->render()
#13 /var/www/html/shfl-be/vendor/illuminate/database/Migrations/Migrator.php(216): Illuminate\\Database\\Migrations\\Migrator->write()
#14 /var/www/html/shfl-be/vendor/illuminate/database/Migrations/Migrator.php(181): Illuminate\\Database\\Migrations\\Migrator->runUp()
#15 /var/www/html/shfl-be/vendor/illuminate/database/Migrations/Migrator.php(124): Illuminate\\Database\\Migrations\\Migrator->runPending()
#16 /var/www/html/shfl-be/vendor/illuminate/database/Console/Migrations/MigrateCommand.php(90): Illuminate\\Database\\Migrations\\Migrator->run()
#17 /var/www/html/shfl-be/vendor/illuminate/database/Migrations/Migrator.php(633): Illuminate\\Database\\Console\\Migrations\\MigrateCommand->Illuminate\\Database\\Console\\Migrations\\{closure}()
#18 /var/www/html/shfl-be/vendor/illuminate/database/Console/Migrations/MigrateCommand.php(83): Illuminate\\Database\\Migrations\\Migrator->usingConnection()
#19 /var/www/html/shfl-be/vendor/illuminate/container/BoundMethod.php(36): Illuminate\\Database\\Console\\Migrations\\MigrateCommand->handle()
#20 /var/www/html/shfl-be/vendor/illuminate/container/Util.php(41): Illuminate\\Container\\BoundMethod::Illuminate\\Container\\{closure}()
#21 /var/www/html/shfl-be/vendor/illuminate/container/BoundMethod.php(93): Illuminate\\Container\\Util::unwrapIfClosure()
#22 /var/www/html/shfl-be/vendor/illuminate/container/BoundMethod.php(35): Illuminate\\Container\\BoundMethod::callBoundMethod()
#23 /var/www/html/shfl-be/vendor/illuminate/container/Container.php(662): Illuminate\\Container\\BoundMethod::call()
#24 /var/www/html/shfl-be/vendor/illuminate/console/Command.php(211): Illuminate\\Container\\Container->call()
#25 /var/www/html/shfl-be/vendor/symfony/console/Command/Command.php(326): Illuminate\\Console\\Command->execute()
#26 /var/www/html/shfl-be/vendor/illuminate/console/Command.php(180): Symfony\\Component\\Console\\Command\\Command->run()
#27 /var/www/html/shfl-be/vendor/illuminate/console/Concerns/CallsCommands.php(67): Illuminate\\Console\\Command->run()
#28 /var/www/html/shfl-be/vendor/illuminate/console/Concerns/CallsCommands.php(28): Illuminate\\Console\\Command->runCommand()
#29 /var/www/html/shfl-be/vendor/illuminate/database/Console/Migrations/RefreshCommand.php(61): Illuminate\\Console\\Command->call()
#30 /var/www/html/shfl-be/vendor/illuminate/container/BoundMethod.php(36): Illuminate\\Database\\Console\\Migrations\\RefreshCommand->handle()
#31 /var/www/html/shfl-be/vendor/illuminate/container/Util.php(41): Illuminate\\Container\\BoundMethod::Illuminate\\Container\\{closure}()
#32 /var/www/html/shfl-be/vendor/illuminate/container/BoundMethod.php(93): Illuminate\\Container\\Util::unwrapIfClosure()
#33 /var/www/html/shfl-be/vendor/illuminate/container/BoundMethod.php(35): Illuminate\\Container\\BoundMethod::callBoundMethod()
#34 /var/www/html/shfl-be/vendor/illuminate/container/Container.php(662): Illuminate\\Container\\BoundMethod::call()
#35 /var/www/html/shfl-be/vendor/illuminate/console/Command.php(211): Illuminate\\Container\\Container->call()
#36 /var/www/html/shfl-be/vendor/symfony/console/Command/Command.php(326): Illuminate\\Console\\Command->execute()
#37 /var/www/html/shfl-be/vendor/illuminate/console/Command.php(180): Symfony\\Component\\Console\\Command\\Command->run()
#38 /var/www/html/shfl-be/vendor/symfony/console/Application.php(1078): Illuminate\\Console\\Command->run()
#39 /var/www/html/shfl-be/vendor/symfony/console/Application.php(324): Symfony\\Component\\Console\\Application->doRunCommand()
#40 /var/www/html/shfl-be/vendor/symfony/console/Application.php(175): Symfony\\Component\\Console\\Application->doRun()
#41 /var/www/html/shfl-be/vendor/laravel/lumen-framework/src/Console/Kernel.php(160): Symfony\\Component\\Console\\Application->run()
#42 /var/www/html/shfl-be/artisan(35): Laravel\\Lumen\\Console\\Kernel->handle()
#43 {main}

[previous exception] [object] (PDOException(code: HY000): SQLSTATE[HY000]: General error: 1824 Failed to open the referenced table 'hj_master_pincode' at /var/www/html/shfl-be/vendor/illuminate/database/Connection.php:580)
[stacktrace]
#0 /var/www/html/shfl-be/vendor/illuminate/database/Connection.php(580): PDOStatement->execute()
#1 /var/www/html/shfl-be/vendor/illuminate/database/Connection.php(809): Illuminate\\Database\\Connection->Illuminate\\Database\\{closure}()
#2 /var/www/html/shfl-be/vendor/illuminate/database/Connection.php(776): Illuminate\\Database\\Connection->runQueryCallback()
#3 /var/www/html/shfl-be/vendor/illuminate/database/Connection.php(569): Illuminate\\Database\\Connection->run()
#4 /var/www/html/shfl-be/vendor/illuminate/database/Schema/Blueprint.php(110): Illuminate\\Database\\Connection->statement()
#5 /var/www/html/shfl-be/vendor/illuminate/database/Schema/Builder.php(552): Illuminate\\Database\\Schema\\Blueprint->build()
#6 /var/www/html/shfl-be/vendor/illuminate/database/Schema/Builder.php(406): Illuminate\\Database\\Schema\\Builder->build()
#7 /var/www/html/shfl-be/vendor/illuminate/support/Facades/Facade.php(355): Illuminate\\Database\\Schema\\Builder->create()
#8 /var/www/html/shfl-be/database/migrations/housing-journey/2023_01_01_111205_create_hj_lead_table.php(16): Illuminate\\Support\\Facades\\Facade::__callStatic()
#9 /var/www/html/shfl-be/vendor/illuminate/database/Migrations/Migrator.php(493): Illuminate\\Database\\Migrations\\Migration@anonymous->up()
#10 /var/www/html/shfl-be/vendor/illuminate/database/Migrations/Migrator.php(410): Illuminate\\Database\\Migrations\\Migrator->runMethod()
#11 /var/www/html/shfl-be/vendor/illuminate/database/Migrations/Migrator.php(419): Illuminate\\Database\\Migrations\\Migrator->Illuminate\\Database\\Migrations\\{closure}()
#12 /var/www/html/shfl-be/vendor/illuminate/database/Migrations/Migrator.php(216): Illuminate\\Database\\Migrations\\Migrator->runMigration()
#13 /var/www/html/shfl-be/vendor/illuminate/console/View/Components/Task.php(37): Illuminate\\Database\\Migrations\\Migrator->Illuminate\\Database\\Migrations\\{closure}()
#14 /var/www/html/shfl-be/vendor/illuminate/database/Migrations/Migrator.php(756): Illuminate\\Console\\View\\Components\\Task->render()
#15 /var/www/html/shfl-be/vendor/illuminate/database/Migrations/Migrator.php(216): Illuminate\\Database\\Migrations\\Migrator->write()
#16 /var/www/html/shfl-be/vendor/illuminate/database/Migrations/Migrator.php(181): Illuminate\\Database\\Migrations\\Migrator->runUp()
#17 /var/www/html/shfl-be/vendor/illuminate/database/Migrations/Migrator.php(124): Illuminate\\Database\\Migrations\\Migrator->runPending()
#18 /var/www/html/shfl-be/vendor/illuminate/database/Console/Migrations/MigrateCommand.php(90): Illuminate\\Database\\Migrations\\Migrator->run()
#19 /var/www/html/shfl-be/vendor/illuminate/database/Migrations/Migrator.php(633): Illuminate\\Database\\Console\\Migrations\\MigrateCommand->Illuminate\\Database\\Console\\Migrations\\{closure}()
#20 /var/www/html/shfl-be/vendor/illuminate/database/Console/Migrations/MigrateCommand.php(83): Illuminate\\Database\\Migrations\\Migrator->usingConnection()
#21 /var/www/html/shfl-be/vendor/illuminate/container/BoundMethod.php(36): Illuminate\\Database\\Console\\Migrations\\MigrateCommand->handle()
#22 /var/www/html/shfl-be/vendor/illuminate/container/Util.php(41): Illuminate\\Container\\BoundMethod::Illuminate\\Container\\{closure}()
#23 /var/www/html/shfl-be/vendor/illuminate/container/BoundMethod.php(93): Illuminate\\Container\\Util::unwrapIfClosure()
#24 /var/www/html/shfl-be/vendor/illuminate/container/BoundMethod.php(35): Illuminate\\Container\\BoundMethod::callBoundMethod()
#25 /var/www/html/shfl-be/vendor/illuminate/container/Container.php(662): Illuminate\\Container\\BoundMethod::call()
#26 /var/www/html/shfl-be/vendor/illuminate/console/Command.php(211): Illuminate\\Container\\Container->call()
#27 /var/www/html/shfl-be/vendor/symfony/console/Command/Command.php(326): Illuminate\\Console\\Command->execute()
#28 /var/www/html/shfl-be/vendor/illuminate/console/Command.php(180): Symfony\\Component\\Console\\Command\\Command->run()
#29 /var/www/html/shfl-be/vendor/illuminate/console/Concerns/CallsCommands.php(67): Illuminate\\Console\\Command->run()
#30 /var/www/html/shfl-be/vendor/illuminate/console/Concerns/CallsCommands.php(28): Illuminate\\Console\\Command->runCommand()
#31 /var/www/html/shfl-be/vendor/illuminate/database/Console/Migrations/RefreshCommand.php(61): Illuminate\\Console\\Command->call()
#32 /var/www/html/shfl-be/vendor/illuminate/container/BoundMethod.php(36): Illuminate\\Database\\Console\\Migrations\\RefreshCommand->handle()
#33 /var/www/html/shfl-be/vendor/illuminate/container/Util.php(41): Illuminate\\Container\\BoundMethod::Illuminate\\Container\\{closure}()
#34 /var/www/html/shfl-be/vendor/illuminate/container/BoundMethod.php(93): Illuminate\\Container\\Util::unwrapIfClosure()
#35 /var/www/html/shfl-be/vendor/illuminate/container/BoundMethod.php(35): Illuminate\\Container\\BoundMethod::callBoundMethod()
#36 /var/www/html/shfl-be/vendor/illuminate/container/Container.php(662): Illuminate\\Container\\BoundMethod::call()
#37 /var/www/html/shfl-be/vendor/illuminate/console/Command.php(211): Illuminate\\Container\\Container->call()
#38 /var/www/html/shfl-be/vendor/symfony/console/Command/Command.php(326): Illuminate\\Console\\Command->execute()
#39 /var/www/html/shfl-be/vendor/illuminate/console/Command.php(180): Symfony\\Component\\Console\\Command\\Command->run()
#40 /var/www/html/shfl-be/vendor/symfony/console/Application.php(1078): Illuminate\\Console\\Command->run()
#41 /var/www/html/shfl-be/vendor/symfony/console/Application.php(324): Symfony\\Component\\Console\\Application->doRunCommand()
#42 /var/www/html/shfl-be/vendor/symfony/console/Application.php(175): Symfony\\Component\\Console\\Application->doRun()
#43 /var/www/html/shfl-be/vendor/laravel/lumen-framework/src/Console/Kernel.php(160): Symfony\\Component\\Console\\Application->run()
#44 /var/www/html/shfl-be/artisan(35): Laravel\\Lumen\\Console\\Kernel->handle()
#45 {main}
"} 
[2024-08-27 12:21:58] local.ERROR: SQLSTATE[HY000]: General error: 1824 Failed to open the referenced table 'api_logs' (Connection: mysql, SQL: alter table `payment_transactions` add constraint `payment_transactions_api_log_id_foreign` foreign key (`api_log_id`) references `api_logs` (`id`)) {"exception":"[object] (Illuminate\\Database\\QueryException(code: HY000): SQLSTATE[HY000]: General error: 1824 Failed to open the referenced table 'api_logs' (Connection: mysql, SQL: alter table `payment_transactions` add constraint `payment_transactions_api_log_id_foreign` foreign key (`api_log_id`) references `api_logs` (`id`)) at /var/www/html/shfl-be/vendor/illuminate/database/Connection.php:822)
[stacktrace]
#0 /var/www/html/shfl-be/vendor/illuminate/database/Connection.php(776): Illuminate\\Database\\Connection->runQueryCallback()
#1 /var/www/html/shfl-be/vendor/illuminate/database/Connection.php(569): Illuminate\\Database\\Connection->run()
#2 /var/www/html/shfl-be/vendor/illuminate/database/Schema/Blueprint.php(110): Illuminate\\Database\\Connection->statement()
#3 /var/www/html/shfl-be/vendor/illuminate/database/Schema/Builder.php(552): Illuminate\\Database\\Schema\\Blueprint->build()
#4 /var/www/html/shfl-be/vendor/illuminate/database/Schema/Builder.php(406): Illuminate\\Database\\Schema\\Builder->build()
#5 /var/www/html/shfl-be/vendor/illuminate/support/Facades/Facade.php(355): Illuminate\\Database\\Schema\\Builder->create()
#6 /var/www/html/shfl-be/database/migrations/web-site/2023_09_15_112832_create_payment_transactions_table.php(16): Illuminate\\Support\\Facades\\Facade::__callStatic()
#7 /var/www/html/shfl-be/vendor/illuminate/database/Migrations/Migrator.php(493): Illuminate\\Database\\Migrations\\Migration@anonymous->up()
#8 /var/www/html/shfl-be/vendor/illuminate/database/Migrations/Migrator.php(410): Illuminate\\Database\\Migrations\\Migrator->runMethod()
#9 /var/www/html/shfl-be/vendor/illuminate/database/Migrations/Migrator.php(419): Illuminate\\Database\\Migrations\\Migrator->Illuminate\\Database\\Migrations\\{closure}()
#10 /var/www/html/shfl-be/vendor/illuminate/database/Migrations/Migrator.php(216): Illuminate\\Database\\Migrations\\Migrator->runMigration()
#11 /var/www/html/shfl-be/vendor/illuminate/console/View/Components/Task.php(37): Illuminate\\Database\\Migrations\\Migrator->Illuminate\\Database\\Migrations\\{closure}()
#12 /var/www/html/shfl-be/vendor/illuminate/database/Migrations/Migrator.php(756): Illuminate\\Console\\View\\Components\\Task->render()
#13 /var/www/html/shfl-be/vendor/illuminate/database/Migrations/Migrator.php(216): Illuminate\\Database\\Migrations\\Migrator->write()
#14 /var/www/html/shfl-be/vendor/illuminate/database/Migrations/Migrator.php(181): Illuminate\\Database\\Migrations\\Migrator->runUp()
#15 /var/www/html/shfl-be/vendor/illuminate/database/Migrations/Migrator.php(124): Illuminate\\Database\\Migrations\\Migrator->runPending()
#16 /var/www/html/shfl-be/vendor/illuminate/database/Console/Migrations/MigrateCommand.php(90): Illuminate\\Database\\Migrations\\Migrator->run()
#17 /var/www/html/shfl-be/vendor/illuminate/database/Migrations/Migrator.php(633): Illuminate\\Database\\Console\\Migrations\\MigrateCommand->Illuminate\\Database\\Console\\Migrations\\{closure}()
#18 /var/www/html/shfl-be/vendor/illuminate/database/Console/Migrations/MigrateCommand.php(83): Illuminate\\Database\\Migrations\\Migrator->usingConnection()
#19 /var/www/html/shfl-be/vendor/illuminate/container/BoundMethod.php(36): Illuminate\\Database\\Console\\Migrations\\MigrateCommand->handle()
#20 /var/www/html/shfl-be/vendor/illuminate/container/Util.php(41): Illuminate\\Container\\BoundMethod::Illuminate\\Container\\{closure}()
#21 /var/www/html/shfl-be/vendor/illuminate/container/BoundMethod.php(93): Illuminate\\Container\\Util::unwrapIfClosure()
#22 /var/www/html/shfl-be/vendor/illuminate/container/BoundMethod.php(35): Illuminate\\Container\\BoundMethod::callBoundMethod()
#23 /var/www/html/shfl-be/vendor/illuminate/container/Container.php(662): Illuminate\\Container\\BoundMethod::call()
#24 /var/www/html/shfl-be/vendor/illuminate/console/Command.php(211): Illuminate\\Container\\Container->call()
#25 /var/www/html/shfl-be/vendor/symfony/console/Command/Command.php(326): Illuminate\\Console\\Command->execute()
#26 /var/www/html/shfl-be/vendor/illuminate/console/Command.php(180): Symfony\\Component\\Console\\Command\\Command->run()
#27 /var/www/html/shfl-be/vendor/illuminate/console/Concerns/CallsCommands.php(67): Illuminate\\Console\\Command->run()
#28 /var/www/html/shfl-be/vendor/illuminate/console/Concerns/CallsCommands.php(28): Illuminate\\Console\\Command->runCommand()
#29 /var/www/html/shfl-be/vendor/illuminate/database/Console/Migrations/RefreshCommand.php(61): Illuminate\\Console\\Command->call()
#30 /var/www/html/shfl-be/vendor/illuminate/container/BoundMethod.php(36): Illuminate\\Database\\Console\\Migrations\\RefreshCommand->handle()
#31 /var/www/html/shfl-be/vendor/illuminate/container/Util.php(41): Illuminate\\Container\\BoundMethod::Illuminate\\Container\\{closure}()
#32 /var/www/html/shfl-be/vendor/illuminate/container/BoundMethod.php(93): Illuminate\\Container\\Util::unwrapIfClosure()
#33 /var/www/html/shfl-be/vendor/illuminate/container/BoundMethod.php(35): Illuminate\\Container\\BoundMethod::callBoundMethod()
#34 /var/www/html/shfl-be/vendor/illuminate/container/Container.php(662): Illuminate\\Container\\BoundMethod::call()
#35 /var/www/html/shfl-be/vendor/illuminate/console/Command.php(211): Illuminate\\Container\\Container->call()
#36 /var/www/html/shfl-be/vendor/symfony/console/Command/Command.php(326): Illuminate\\Console\\Command->execute()
#37 /var/www/html/shfl-be/vendor/illuminate/console/Command.php(180): Symfony\\Component\\Console\\Command\\Command->run()
#38 /var/www/html/shfl-be/vendor/symfony/console/Application.php(1078): Illuminate\\Console\\Command->run()
#39 /var/www/html/shfl-be/vendor/symfony/console/Application.php(324): Symfony\\Component\\Console\\Application->doRunCommand()
#40 /var/www/html/shfl-be/vendor/symfony/console/Application.php(175): Symfony\\Component\\Console\\Application->doRun()
#41 /var/www/html/shfl-be/vendor/laravel/lumen-framework/src/Console/Kernel.php(160): Symfony\\Component\\Console\\Application->run()
#42 /var/www/html/shfl-be/artisan(35): Laravel\\Lumen\\Console\\Kernel->handle()
#43 {main}

[previous exception] [object] (PDOException(code: HY000): SQLSTATE[HY000]: General error: 1824 Failed to open the referenced table 'api_logs' at /var/www/html/shfl-be/vendor/illuminate/database/Connection.php:580)
[stacktrace]
#0 /var/www/html/shfl-be/vendor/illuminate/database/Connection.php(580): PDOStatement->execute()
#1 /var/www/html/shfl-be/vendor/illuminate/database/Connection.php(809): Illuminate\\Database\\Connection->Illuminate\\Database\\{closure}()
#2 /var/www/html/shfl-be/vendor/illuminate/database/Connection.php(776): Illuminate\\Database\\Connection->runQueryCallback()
#3 /var/www/html/shfl-be/vendor/illuminate/database/Connection.php(569): Illuminate\\Database\\Connection->run()
#4 /var/www/html/shfl-be/vendor/illuminate/database/Schema/Blueprint.php(110): Illuminate\\Database\\Connection->statement()
#5 /var/www/html/shfl-be/vendor/illuminate/database/Schema/Builder.php(552): Illuminate\\Database\\Schema\\Blueprint->build()
#6 /var/www/html/shfl-be/vendor/illuminate/database/Schema/Builder.php(406): Illuminate\\Database\\Schema\\Builder->build()
#7 /var/www/html/shfl-be/vendor/illuminate/support/Facades/Facade.php(355): Illuminate\\Database\\Schema\\Builder->create()
#8 /var/www/html/shfl-be/database/migrations/web-site/2023_09_15_112832_create_payment_transactions_table.php(16): Illuminate\\Support\\Facades\\Facade::__callStatic()
#9 /var/www/html/shfl-be/vendor/illuminate/database/Migrations/Migrator.php(493): Illuminate\\Database\\Migrations\\Migration@anonymous->up()
#10 /var/www/html/shfl-be/vendor/illuminate/database/Migrations/Migrator.php(410): Illuminate\\Database\\Migrations\\Migrator->runMethod()
#11 /var/www/html/shfl-be/vendor/illuminate/database/Migrations/Migrator.php(419): Illuminate\\Database\\Migrations\\Migrator->Illuminate\\Database\\Migrations\\{closure}()
#12 /var/www/html/shfl-be/vendor/illuminate/database/Migrations/Migrator.php(216): Illuminate\\Database\\Migrations\\Migrator->runMigration()
#13 /var/www/html/shfl-be/vendor/illuminate/console/View/Components/Task.php(37): Illuminate\\Database\\Migrations\\Migrator->Illuminate\\Database\\Migrations\\{closure}()
#14 /var/www/html/shfl-be/vendor/illuminate/database/Migrations/Migrator.php(756): Illuminate\\Console\\View\\Components\\Task->render()
#15 /var/www/html/shfl-be/vendor/illuminate/database/Migrations/Migrator.php(216): Illuminate\\Database\\Migrations\\Migrator->write()
#16 /var/www/html/shfl-be/vendor/illuminate/database/Migrations/Migrator.php(181): Illuminate\\Database\\Migrations\\Migrator->runUp()
#17 /var/www/html/shfl-be/vendor/illuminate/database/Migrations/Migrator.php(124): Illuminate\\Database\\Migrations\\Migrator->runPending()
#18 /var/www/html/shfl-be/vendor/illuminate/database/Console/Migrations/MigrateCommand.php(90): Illuminate\\Database\\Migrations\\Migrator->run()
#19 /var/www/html/shfl-be/vendor/illuminate/database/Migrations/Migrator.php(633): Illuminate\\Database\\Console\\Migrations\\MigrateCommand->Illuminate\\Database\\Console\\Migrations\\{closure}()
#20 /var/www/html/shfl-be/vendor/illuminate/database/Console/Migrations/MigrateCommand.php(83): Illuminate\\Database\\Migrations\\Migrator->usingConnection()
#21 /var/www/html/shfl-be/vendor/illuminate/container/BoundMethod.php(36): Illuminate\\Database\\Console\\Migrations\\MigrateCommand->handle()
#22 /var/www/html/shfl-be/vendor/illuminate/container/Util.php(41): Illuminate\\Container\\BoundMethod::Illuminate\\Container\\{closure}()
#23 /var/www/html/shfl-be/vendor/illuminate/container/BoundMethod.php(93): Illuminate\\Container\\Util::unwrapIfClosure()
#24 /var/www/html/shfl-be/vendor/illuminate/container/BoundMethod.php(35): Illuminate\\Container\\BoundMethod::callBoundMethod()
#25 /var/www/html/shfl-be/vendor/illuminate/container/Container.php(662): Illuminate\\Container\\BoundMethod::call()
#26 /var/www/html/shfl-be/vendor/illuminate/console/Command.php(211): Illuminate\\Container\\Container->call()
#27 /var/www/html/shfl-be/vendor/symfony/console/Command/Command.php(326): Illuminate\\Console\\Command->execute()
#28 /var/www/html/shfl-be/vendor/illuminate/console/Command.php(180): Symfony\\Component\\Console\\Command\\Command->run()
#29 /var/www/html/shfl-be/vendor/illuminate/console/Concerns/CallsCommands.php(67): Illuminate\\Console\\Command->run()
#30 /var/www/html/shfl-be/vendor/illuminate/console/Concerns/CallsCommands.php(28): Illuminate\\Console\\Command->runCommand()
#31 /var/www/html/shfl-be/vendor/illuminate/database/Console/Migrations/RefreshCommand.php(61): Illuminate\\Console\\Command->call()
#32 /var/www/html/shfl-be/vendor/illuminate/container/BoundMethod.php(36): Illuminate\\Database\\Console\\Migrations\\RefreshCommand->handle()
#33 /var/www/html/shfl-be/vendor/illuminate/container/Util.php(41): Illuminate\\Container\\BoundMethod::Illuminate\\Container\\{closure}()
#34 /var/www/html/shfl-be/vendor/illuminate/container/BoundMethod.php(93): Illuminate\\Container\\Util::unwrapIfClosure()
#35 /var/www/html/shfl-be/vendor/illuminate/container/BoundMethod.php(35): Illuminate\\Container\\BoundMethod::callBoundMethod()
#36 /var/www/html/shfl-be/vendor/illuminate/container/Container.php(662): Illuminate\\Container\\BoundMethod::call()
#37 /var/www/html/shfl-be/vendor/illuminate/console/Command.php(211): Illuminate\\Container\\Container->call()
#38 /var/www/html/shfl-be/vendor/symfony/console/Command/Command.php(326): Illuminate\\Console\\Command->execute()
#39 /var/www/html/shfl-be/vendor/illuminate/console/Command.php(180): Symfony\\Component\\Console\\Command\\Command->run()
#40 /var/www/html/shfl-be/vendor/symfony/console/Application.php(1078): Illuminate\\Console\\Command->run()
#41 /var/www/html/shfl-be/vendor/symfony/console/Application.php(324): Symfony\\Component\\Console\\Application->doRunCommand()
#42 /var/www/html/shfl-be/vendor/symfony/console/Application.php(175): Symfony\\Component\\Console\\Application->doRun()
#43 /var/www/html/shfl-be/vendor/laravel/lumen-framework/src/Console/Kernel.php(160): Symfony\\Component\\Console\\Application->run()
#44 /var/www/html/shfl-be/artisan(35): Laravel\\Lumen\\Console\\Kernel->handle()
#45 {main}
"} 
[2024-08-27 12:22:11] local.ERROR: SQLSTATE[42S01]: Base table or view already exists: 1050 Table 'hj_lead' already exists (Connection: mysql, SQL: create table `hj_lead` (`id` bigint unsigned not null auto_increment primary key, `name` varchar(255) null, `mobile_number` varchar(255) not null, `is_applicant` tinyint(1) not null default '1', `pincode_id` bigint unsigned not null, `is_being_assisted` tinyint(1) not null default '1', `partner_code` varchar(255) null, `home_extension` varchar(255) null, `sub_partner_code` varchar(255) null, `is_agreed` tinyint(1) not null default '1', `created_at` timestamp not null default CURRENT_TIMESTAMP, `updated_at` timestamp null) default character set utf8 collate 'utf8_unicode_ci') {"exception":"[object] (Illuminate\\Database\\QueryException(code: 42S01): SQLSTATE[42S01]: Base table or view already exists: 1050 Table 'hj_lead' already exists (Connection: mysql, SQL: create table `hj_lead` (`id` bigint unsigned not null auto_increment primary key, `name` varchar(255) null, `mobile_number` varchar(255) not null, `is_applicant` tinyint(1) not null default '1', `pincode_id` bigint unsigned not null, `is_being_assisted` tinyint(1) not null default '1', `partner_code` varchar(255) null, `home_extension` varchar(255) null, `sub_partner_code` varchar(255) null, `is_agreed` tinyint(1) not null default '1', `created_at` timestamp not null default CURRENT_TIMESTAMP, `updated_at` timestamp null) default character set utf8 collate 'utf8_unicode_ci') at /var/www/html/shfl-be/vendor/illuminate/database/Connection.php:822)
[stacktrace]
#0 /var/www/html/shfl-be/vendor/illuminate/database/Connection.php(776): Illuminate\\Database\\Connection->runQueryCallback()
#1 /var/www/html/shfl-be/vendor/illuminate/database/Connection.php(569): Illuminate\\Database\\Connection->run()
#2 /var/www/html/shfl-be/vendor/illuminate/database/Schema/Blueprint.php(110): Illuminate\\Database\\Connection->statement()
#3 /var/www/html/shfl-be/vendor/illuminate/database/Schema/Builder.php(552): Illuminate\\Database\\Schema\\Blueprint->build()
#4 /var/www/html/shfl-be/vendor/illuminate/database/Schema/Builder.php(406): Illuminate\\Database\\Schema\\Builder->build()
#5 /var/www/html/shfl-be/vendor/illuminate/support/Facades/Facade.php(355): Illuminate\\Database\\Schema\\Builder->create()
#6 /var/www/html/shfl-be/database/migrations/housing-journey/2023_01_01_111205_create_hj_lead_table.php(16): Illuminate\\Support\\Facades\\Facade::__callStatic()
#7 /var/www/html/shfl-be/vendor/illuminate/database/Migrations/Migrator.php(493): Illuminate\\Database\\Migrations\\Migration@anonymous->up()
#8 /var/www/html/shfl-be/vendor/illuminate/database/Migrations/Migrator.php(410): Illuminate\\Database\\Migrations\\Migrator->runMethod()
#9 /var/www/html/shfl-be/vendor/illuminate/database/Migrations/Migrator.php(419): Illuminate\\Database\\Migrations\\Migrator->Illuminate\\Database\\Migrations\\{closure}()
#10 /var/www/html/shfl-be/vendor/illuminate/database/Migrations/Migrator.php(216): Illuminate\\Database\\Migrations\\Migrator->runMigration()
#11 /var/www/html/shfl-be/vendor/illuminate/console/View/Components/Task.php(37): Illuminate\\Database\\Migrations\\Migrator->Illuminate\\Database\\Migrations\\{closure}()
#12 /var/www/html/shfl-be/vendor/illuminate/database/Migrations/Migrator.php(756): Illuminate\\Console\\View\\Components\\Task->render()
#13 /var/www/html/shfl-be/vendor/illuminate/database/Migrations/Migrator.php(216): Illuminate\\Database\\Migrations\\Migrator->write()
#14 /var/www/html/shfl-be/vendor/illuminate/database/Migrations/Migrator.php(181): Illuminate\\Database\\Migrations\\Migrator->runUp()
#15 /var/www/html/shfl-be/vendor/illuminate/database/Migrations/Migrator.php(124): Illuminate\\Database\\Migrations\\Migrator->runPending()
#16 /var/www/html/shfl-be/vendor/illuminate/database/Console/Migrations/MigrateCommand.php(90): Illuminate\\Database\\Migrations\\Migrator->run()
#17 /var/www/html/shfl-be/vendor/illuminate/database/Migrations/Migrator.php(633): Illuminate\\Database\\Console\\Migrations\\MigrateCommand->Illuminate\\Database\\Console\\Migrations\\{closure}()
#18 /var/www/html/shfl-be/vendor/illuminate/database/Console/Migrations/MigrateCommand.php(83): Illuminate\\Database\\Migrations\\Migrator->usingConnection()
#19 /var/www/html/shfl-be/vendor/illuminate/container/BoundMethod.php(36): Illuminate\\Database\\Console\\Migrations\\MigrateCommand->handle()
#20 /var/www/html/shfl-be/vendor/illuminate/container/Util.php(41): Illuminate\\Container\\BoundMethod::Illuminate\\Container\\{closure}()
#21 /var/www/html/shfl-be/vendor/illuminate/container/BoundMethod.php(93): Illuminate\\Container\\Util::unwrapIfClosure()
#22 /var/www/html/shfl-be/vendor/illuminate/container/BoundMethod.php(35): Illuminate\\Container\\BoundMethod::callBoundMethod()
#23 /var/www/html/shfl-be/vendor/illuminate/container/Container.php(662): Illuminate\\Container\\BoundMethod::call()
#24 /var/www/html/shfl-be/vendor/illuminate/console/Command.php(211): Illuminate\\Container\\Container->call()
#25 /var/www/html/shfl-be/vendor/symfony/console/Command/Command.php(326): Illuminate\\Console\\Command->execute()
#26 /var/www/html/shfl-be/vendor/illuminate/console/Command.php(180): Symfony\\Component\\Console\\Command\\Command->run()
#27 /var/www/html/shfl-be/vendor/illuminate/console/Concerns/CallsCommands.php(67): Illuminate\\Console\\Command->run()
#28 /var/www/html/shfl-be/vendor/illuminate/console/Concerns/CallsCommands.php(28): Illuminate\\Console\\Command->runCommand()
#29 /var/www/html/shfl-be/vendor/illuminate/database/Console/Migrations/RefreshCommand.php(61): Illuminate\\Console\\Command->call()
#30 /var/www/html/shfl-be/vendor/illuminate/container/BoundMethod.php(36): Illuminate\\Database\\Console\\Migrations\\RefreshCommand->handle()
#31 /var/www/html/shfl-be/vendor/illuminate/container/Util.php(41): Illuminate\\Container\\BoundMethod::Illuminate\\Container\\{closure}()
#32 /var/www/html/shfl-be/vendor/illuminate/container/BoundMethod.php(93): Illuminate\\Container\\Util::unwrapIfClosure()
#33 /var/www/html/shfl-be/vendor/illuminate/container/BoundMethod.php(35): Illuminate\\Container\\BoundMethod::callBoundMethod()
#34 /var/www/html/shfl-be/vendor/illuminate/container/Container.php(662): Illuminate\\Container\\BoundMethod::call()
#35 /var/www/html/shfl-be/vendor/illuminate/console/Command.php(211): Illuminate\\Container\\Container->call()
#36 /var/www/html/shfl-be/vendor/symfony/console/Command/Command.php(326): Illuminate\\Console\\Command->execute()
#37 /var/www/html/shfl-be/vendor/illuminate/console/Command.php(180): Symfony\\Component\\Console\\Command\\Command->run()
#38 /var/www/html/shfl-be/vendor/symfony/console/Application.php(1078): Illuminate\\Console\\Command->run()
#39 /var/www/html/shfl-be/vendor/symfony/console/Application.php(324): Symfony\\Component\\Console\\Application->doRunCommand()
#40 /var/www/html/shfl-be/vendor/symfony/console/Application.php(175): Symfony\\Component\\Console\\Application->doRun()
#41 /var/www/html/shfl-be/vendor/laravel/lumen-framework/src/Console/Kernel.php(160): Symfony\\Component\\Console\\Application->run()
#42 /var/www/html/shfl-be/artisan(35): Laravel\\Lumen\\Console\\Kernel->handle()
#43 {main}

[previous exception] [object] (PDOException(code: 42S01): SQLSTATE[42S01]: Base table or view already exists: 1050 Table 'hj_lead' already exists at /var/www/html/shfl-be/vendor/illuminate/database/Connection.php:580)
[stacktrace]
#0 /var/www/html/shfl-be/vendor/illuminate/database/Connection.php(580): PDOStatement->execute()
#1 /var/www/html/shfl-be/vendor/illuminate/database/Connection.php(809): Illuminate\\Database\\Connection->Illuminate\\Database\\{closure}()
#2 /var/www/html/shfl-be/vendor/illuminate/database/Connection.php(776): Illuminate\\Database\\Connection->runQueryCallback()
#3 /var/www/html/shfl-be/vendor/illuminate/database/Connection.php(569): Illuminate\\Database\\Connection->run()
#4 /var/www/html/shfl-be/vendor/illuminate/database/Schema/Blueprint.php(110): Illuminate\\Database\\Connection->statement()
#5 /var/www/html/shfl-be/vendor/illuminate/database/Schema/Builder.php(552): Illuminate\\Database\\Schema\\Blueprint->build()
#6 /var/www/html/shfl-be/vendor/illuminate/database/Schema/Builder.php(406): Illuminate\\Database\\Schema\\Builder->build()
#7 /var/www/html/shfl-be/vendor/illuminate/support/Facades/Facade.php(355): Illuminate\\Database\\Schema\\Builder->create()
#8 /var/www/html/shfl-be/database/migrations/housing-journey/2023_01_01_111205_create_hj_lead_table.php(16): Illuminate\\Support\\Facades\\Facade::__callStatic()
#9 /var/www/html/shfl-be/vendor/illuminate/database/Migrations/Migrator.php(493): Illuminate\\Database\\Migrations\\Migration@anonymous->up()
#10 /var/www/html/shfl-be/vendor/illuminate/database/Migrations/Migrator.php(410): Illuminate\\Database\\Migrations\\Migrator->runMethod()
#11 /var/www/html/shfl-be/vendor/illuminate/database/Migrations/Migrator.php(419): Illuminate\\Database\\Migrations\\Migrator->Illuminate\\Database\\Migrations\\{closure}()
#12 /var/www/html/shfl-be/vendor/illuminate/database/Migrations/Migrator.php(216): Illuminate\\Database\\Migrations\\Migrator->runMigration()
#13 /var/www/html/shfl-be/vendor/illuminate/console/View/Components/Task.php(37): Illuminate\\Database\\Migrations\\Migrator->Illuminate\\Database\\Migrations\\{closure}()
#14 /var/www/html/shfl-be/vendor/illuminate/database/Migrations/Migrator.php(756): Illuminate\\Console\\View\\Components\\Task->render()
#15 /var/www/html/shfl-be/vendor/illuminate/database/Migrations/Migrator.php(216): Illuminate\\Database\\Migrations\\Migrator->write()
#16 /var/www/html/shfl-be/vendor/illuminate/database/Migrations/Migrator.php(181): Illuminate\\Database\\Migrations\\Migrator->runUp()
#17 /var/www/html/shfl-be/vendor/illuminate/database/Migrations/Migrator.php(124): Illuminate\\Database\\Migrations\\Migrator->runPending()
#18 /var/www/html/shfl-be/vendor/illuminate/database/Console/Migrations/MigrateCommand.php(90): Illuminate\\Database\\Migrations\\Migrator->run()
#19 /var/www/html/shfl-be/vendor/illuminate/database/Migrations/Migrator.php(633): Illuminate\\Database\\Console\\Migrations\\MigrateCommand->Illuminate\\Database\\Console\\Migrations\\{closure}()
#20 /var/www/html/shfl-be/vendor/illuminate/database/Console/Migrations/MigrateCommand.php(83): Illuminate\\Database\\Migrations\\Migrator->usingConnection()
#21 /var/www/html/shfl-be/vendor/illuminate/container/BoundMethod.php(36): Illuminate\\Database\\Console\\Migrations\\MigrateCommand->handle()
#22 /var/www/html/shfl-be/vendor/illuminate/container/Util.php(41): Illuminate\\Container\\BoundMethod::Illuminate\\Container\\{closure}()
#23 /var/www/html/shfl-be/vendor/illuminate/container/BoundMethod.php(93): Illuminate\\Container\\Util::unwrapIfClosure()
#24 /var/www/html/shfl-be/vendor/illuminate/container/BoundMethod.php(35): Illuminate\\Container\\BoundMethod::callBoundMethod()
#25 /var/www/html/shfl-be/vendor/illuminate/container/Container.php(662): Illuminate\\Container\\BoundMethod::call()
#26 /var/www/html/shfl-be/vendor/illuminate/console/Command.php(211): Illuminate\\Container\\Container->call()
#27 /var/www/html/shfl-be/vendor/symfony/console/Command/Command.php(326): Illuminate\\Console\\Command->execute()
#28 /var/www/html/shfl-be/vendor/illuminate/console/Command.php(180): Symfony\\Component\\Console\\Command\\Command->run()
#29 /var/www/html/shfl-be/vendor/illuminate/console/Concerns/CallsCommands.php(67): Illuminate\\Console\\Command->run()
#30 /var/www/html/shfl-be/vendor/illuminate/console/Concerns/CallsCommands.php(28): Illuminate\\Console\\Command->runCommand()
#31 /var/www/html/shfl-be/vendor/illuminate/database/Console/Migrations/RefreshCommand.php(61): Illuminate\\Console\\Command->call()
#32 /var/www/html/shfl-be/vendor/illuminate/container/BoundMethod.php(36): Illuminate\\Database\\Console\\Migrations\\RefreshCommand->handle()
#33 /var/www/html/shfl-be/vendor/illuminate/container/Util.php(41): Illuminate\\Container\\BoundMethod::Illuminate\\Container\\{closure}()
#34 /var/www/html/shfl-be/vendor/illuminate/container/BoundMethod.php(93): Illuminate\\Container\\Util::unwrapIfClosure()
#35 /var/www/html/shfl-be/vendor/illuminate/container/BoundMethod.php(35): Illuminate\\Container\\BoundMethod::callBoundMethod()
#36 /var/www/html/shfl-be/vendor/illuminate/container/Container.php(662): Illuminate\\Container\\BoundMethod::call()
#37 /var/www/html/shfl-be/vendor/illuminate/console/Command.php(211): Illuminate\\Container\\Container->call()
#38 /var/www/html/shfl-be/vendor/symfony/console/Command/Command.php(326): Illuminate\\Console\\Command->execute()
#39 /var/www/html/shfl-be/vendor/illuminate/console/Command.php(180): Symfony\\Component\\Console\\Command\\Command->run()
#40 /var/www/html/shfl-be/vendor/symfony/console/Application.php(1078): Illuminate\\Console\\Command->run()
#41 /var/www/html/shfl-be/vendor/symfony/console/Application.php(324): Symfony\\Component\\Console\\Application->doRunCommand()
#42 /var/www/html/shfl-be/vendor/symfony/console/Application.php(175): Symfony\\Component\\Console\\Application->doRun()
#43 /var/www/html/shfl-be/vendor/laravel/lumen-framework/src/Console/Kernel.php(160): Symfony\\Component\\Console\\Application->run()
#44 /var/www/html/shfl-be/artisan(35): Laravel\\Lumen\\Console\\Kernel->handle()
#45 {main}
"} 
[2024-08-27 12:25:49] local.ERROR: Command "DB:" is ambiguous.
Did you mean one of these?
    db:seed Seed the database with records
    db:wipe Drop all tables, views, and types. {"exception":"[object] (Symfony\\Component\\Console\\Exception\\CommandNotFoundException(code: 0): Command \"DB:\" is ambiguous.
Did you mean one of these?
    db:seed Seed the database with records
    db:wipe Drop all tables, views, and types. at /var/www/html/shfl-be/vendor/symfony/console/Application.php:778)
[stacktrace]
#0 /var/www/html/shfl-be/vendor/symfony/console/Application.php(266): Symfony\\Component\\Console\\Application->find()
#1 /var/www/html/shfl-be/vendor/symfony/console/Application.php(175): Symfony\\Component\\Console\\Application->doRun()
#2 /var/www/html/shfl-be/vendor/laravel/lumen-framework/src/Console/Kernel.php(160): Symfony\\Component\\Console\\Application->run()
#3 /var/www/html/shfl-be/artisan(35): Laravel\\Lumen\\Console\\Kernel->handle()
#4 {main}
"} 
[2024-08-27 13:01:09] local.ERROR: Command "serve" is not defined. {"exception":"[object] (Symfony\\Component\\Console\\Exception\\CommandNotFoundException(code: 0): Command \"serve\" is not defined. at /var/www/html/shfl-be/vendor/symfony/console/Application.php:737)
[stacktrace]
#0 /var/www/html/shfl-be/vendor/symfony/console/Application.php(266): Symfony\\Component\\Console\\Application->find()
#1 /var/www/html/shfl-be/vendor/symfony/console/Application.php(175): Symfony\\Component\\Console\\Application->doRun()
#2 /var/www/html/shfl-be/vendor/laravel/lumen-framework/src/Console/Kernel.php(160): Symfony\\Component\\Console\\Application->run()
#3 /var/www/html/shfl-be/artisan(35): Laravel\\Lumen\\Console\\Kernel->handle()
#4 {main}
"} 
